<?xml version="1.0" encoding="UTF-8"?>
<!-- Generated by org.testng.reporters.JUnitReportReporter -->
<testsuite hostname="Amit" failures="0" tests="6" name="TestCase.LoginActiTime" time="29.131" errors="0" timestamp="2024-09-28T18:10:17 IST" skipped="0">
  <testcase classname="TestCase.LoginActiTime" name="loginMethod" time="2.176"/>
  <system-out/>
  <testcase classname="TestCase.LoginActiTime" name="logoutMethod" time="9.474"/>
  <system-out/>
  <testcase classname="TestCase.LoginActiTime" name="logoutMethod" time="7.401"/>
  <system-out/>
  <testcase classname="TestCase.LoginActiTime" name="loginMethod" time="0.468"/>
  <system-out/>
  <testcase classname="TestCase.LoginActiTime" name="loginMethod" time="2.751"/>
  <system-out/>
  <testcase classname="TestCase.LoginActiTime" name="logoutMethod" time="6.861"/>
  <system-out/>
</testsuite> <!-- TestCase.LoginActiTime -->
